1586874894337	mozrunner::runner	INFO	Running command: "C:\\Program Files (x86)\\Mozilla Firefox\\firefox.exe" "-marionette" "-foreground" "-no-remote" "-profile" "C:\\Users\\67438\\AppData\\Local\\Temp\\rust_mozprofilexEczRO"
1586874895112	addons.webextension.screenshots@mozilla.org	WARN	Loading extension 'screenshots@mozilla.org': Reading manifest: Invalid extension permission: mozillaAddons
1586874895112	addons.webextension.screenshots@mozilla.org	WARN	Loading extension 'screenshots@mozilla.org': Reading manifest: Invalid extension permission: telemetry
1586874895112	addons.webextension.screenshots@mozilla.org	WARN	Loading extension 'screenshots@mozilla.org': Reading manifest: Invalid extension permission: resource://pdf.js/
1586874895113	addons.webextension.screenshots@mozilla.org	WARN	Loading extension 'screenshots@mozilla.org': Reading manifest: Invalid extension permission: about:reader*
JavaScript error: undefined, line 14: Error: An unexpected error occurred
JavaScript error: moz-extension://2f8d43d1-f945-4453-96d5-6a09e4f1dbe2/lib/picture_in_picture_overrides.js, line 15: Error: Incorrect argument types for pictureInPictureParent.setOverrides.
JavaScript error: resource:///modules/sessionstore/SessionStore.jsm, line 1325: uncaught exception: 2147746065
1586874897233	Marionette	INFO	Listening on port 60935
1586874897455	Marionette	WARN	TLS certificate errors will be ignored for this session
1586874900184	Marionette	INFO	Stopped listening on port 60935
[Child 8572, Chrome_ChildThread] WARNING: pipe error: 109: file z:/task_1585934252/build/src/ipc/chromium/src/chrome/common/ipc_channel_win.cc, line 341
[[Child 16316, Chrome_ChildThread] WARNING: pipe error: 109: file z:/task_1585934252/build/src/ipc/chromium/src/chrome/common/ipc_channel_win.cc, line 341
[Child 1[Parent 7320, Gecko_IOThread] WARNING: pipe error: 109: file z:/task_1585934252/build/src/ipc/chromium/src/chrome/common/ipc_channel_win.cc, line 341
[Child 15660, Chrome_ChildThread] WARNING: pipe error: 109: file z:/task_1585934252/build/src/ipc/chromium/src/chrome/common/ipc_channel_win.cc, line 341
[Child[GPU 
###!!! [Child][MessageChannel::SendAndWait] Error: Channel error: cannot send/recv

1586874904243	mozrunner::runner	INFO	Running command: "C:\\Program Files (x86)\\Mozilla Firefox\\firefox.exe" "-marionette" "-foreground" "-no-remote" "-profile" "C:\\Users\\67438\\AppData\\Local\\Temp\\rust_mozprofiled6eMR8"
1586874905023	addons.webextension.screenshots@mozilla.org	WARN	Loading extension 'screenshots@mozilla.org': Reading manifest: Invalid extension permission: mozillaAddons
1586874905023	addons.webextension.screenshots@mozilla.org	WARN	Loading extension 'screenshots@mozilla.org': Reading manifest: Invalid extension permission: telemetry
1586874905023	addons.webextension.screenshots@mozilla.org	WARN	Loading extension 'screenshots@mozilla.org': Reading manifest: Invalid extension permission: resource://pdf.js/
1586874905023	addons.webextension.screenshots@mozilla.org	WARN	Loading extension 'screenshots@mozilla.org': Reading manifest: Invalid extension permission: about:reader*
JavaScript error: undefined, line 14: Error: An unexpected error occurred
JavaScript error: moz-extension://740c7e1f-7db0-4176-96eb-0626b9a3a6cc/lib/picture_in_picture_overrides.js, line 15: Error: Incorrect argument types for pictureInPictureParent.setOverrides.
JavaScript error: resource:///modules/sessionstore/SessionStore.jsm, line 1325: uncaught exception: 2147746065
1586874906911	Marionette	INFO	Listening on port 60972
1586874907368	Marionette	WARN	TLS certificate errors will be ignored for this session
1586874911195	Marionette	INFO	Stopped listening on port 60972
[Parent 10760, Gecko_IOThread] WARNING: pipe error: 109: file z:/task_1585934252/build/src/ipc/chromium/src/chrome/common/ipc_channel_win.cc, line 341
[Child 8768, Chrome_ChildThread] WARNING: pipe error: 109: file z:/task_1585934252/build/src/ipc/chromium/src/chrome/common/ipc_channel_win.cc, line 341
[Child 8768, Chrome_ChildThre[Child 9628, Chrome_ChildThread] WARNING: pipe error: 109: file z:/task_1585934252/build/src/ipc/chromium/src/chrome/common/ipc_channel_win.cc, line 341
[Child 9628, Chrome_ChildThread] WARNING: pipe error: 109: file z:/task_1585934252/build/src/ipc/ch[Parent 10760, Gecko_IOThread] WARNING: pipe error: 109: file z:/task_1585934252/build/src/ipc/chromium/src/chrome/common/ipc_channel_win.cc, line 341
[Child 7968, Chrome_ChildThread] WARNING: pipe error: 109: file z:/task_1585934252/build/src/ipc/chromium/src/chrome/common/ipc_channel_win.cc, line 341
[Child 7968, Chrome_C[GPU 16252, Chrom
###!!! [Child][RunMessage] Error: Channel closing: too late to send/recv, messages will be lost


###!!! [Child][MessageChannel::SendAndWait] Error: Channel error: cannot send/recv

1586874915217	mozrunner::runner	INFO	Running command: "C:\\Program Files (x86)\\Mozilla Firefox\\firefox.exe" "-marionette" "-foreground" "-no-remote" "-profile" "C:\\Users\\67438\\AppData\\Local\\Temp\\rust_mozprofileLCMgAv"
1586874916058	addons.webextension.screenshots@mozilla.org	WARN	Loading extension 'screenshots@mozilla.org': Reading manifest: Invalid extension permission: mozillaAddons
1586874916058	addons.webextension.screenshots@mozilla.org	WARN	Loading extension 'screenshots@mozilla.org': Reading manifest: Invalid extension permission: telemetry
1586874916058	addons.webextension.screenshots@mozilla.org	WARN	Loading extension 'screenshots@mozilla.org': Reading manifest: Invalid extension permission: resource://pdf.js/
1586874916058	addons.webextension.screenshots@mozilla.org	WARN	Loading extension 'screenshots@mozilla.org': Reading manifest: Invalid extension permission: about:reader*
JavaScript error: undefined, line 14: Error: An unexpected error occurred
JavaScript error: moz-extension://d92995ad-2831-47f8-835f-348a616fd078/lib/picture_in_picture_overrides.js, line 15: Error: Incorrect argument types for pictureInPictureParent.setOverrides.
JavaScript error: resource:///modules/sessionstore/SessionStore.jsm, line 1325: uncaught exception: 2147746065
1586874918050	Marionette	INFO	Listening on port 61010
1586874918333	Marionette	WARN	TLS certificate errors will be ignored for this session
1586874921995	Marionette	INFO	Stopped listening on port 61010
[Child 11408, Chrome_ChildThread] WARNING: pipe error: 109: file z:/task_1585934252/build/src/ipc/chromium/src/chrome/common/ipc_channel_win.cc, line 341
[Child 11408,[Parent 416, Gecko_IOThread] WARNING: pipe error: 109: file z:/task_1585934252/build/src/ipc/chromium/src/chrome/common/ipc_channel_win.cc, line 341
[Child 1328, Chrome_ChildThread] WARNING: pipe error: 109: file z:/task_1585934252/build/src/ipc/chromium/src/chrome/common/ipc_channel_win.cc, line 341
[Child 1328, Chrome_ChildThread][Parent 416, Gecko_IOThread] WARNING: pipe error: 109: file z:/task_1585934252/build/src/ipc/chromium/src/chrome/common/ipc_channel_win.cc, line 341
[Child 5480, Chrome_ChildThread] WARNING: pipe error: 109: file z:/task_1585934252/build/src/ipc/chromium/src/chrome/common/ipc_channel_win.cc, line 341
[Child 5480, Chrome_C[GPU 5180, Chrome_ChildThr
###!!! [Child][RunMessage] Error: Channel closing: too late to send/recv, messages will be lost


###!!! [Child][MessageChannel::SendAndWait] Error: Channel error: cannot send/recv

1586875343919	mozrunner::runner	INFO	Running command: "C:\\Program Files (x86)\\Mozilla Firefox\\firefox.exe" "-marionette" "-foreground" "-no-remote" "-profile" "C:\\Users\\67438\\AppData\\Local\\Temp\\rust_mozprofileMVtjJH"
1586875344705	addons.webextension.screenshots@mozilla.org	WARN	Loading extension 'screenshots@mozilla.org': Reading manifest: Invalid extension permission: mozillaAddons
1586875344705	addons.webextension.screenshots@mozilla.org	WARN	Loading extension 'screenshots@mozilla.org': Reading manifest: Invalid extension permission: telemetry
1586875344705	addons.webextension.screenshots@mozilla.org	WARN	Loading extension 'screenshots@mozilla.org': Reading manifest: Invalid extension permission: resource://pdf.js/
1586875344705	addons.webextension.screenshots@mozilla.org	WARN	Loading extension 'screenshots@mozilla.org': Reading manifest: Invalid extension permission: about:reader*
JavaScript error: undefined, line 14: Error: An unexpected error occurred
JavaScript error: moz-extension://1fe9b439-4181-446d-80bf-216d1923a2e5/lib/picture_in_picture_overrides.js, line 15: Error: Incorrect argument types for pictureInPictureParent.setOverrides.
JavaScript error: resource:///modules/sessionstore/SessionStore.jsm, line 1325: uncaught exception: 2147746065
1586875346625	Marionette	INFO	Listening on port 61240
1586875347049	Marionette	WARN	TLS certificate errors will be ignored for this session
1586875349756	Marionette	INFO	Stopped listening on port 61240
[Child 11116, Chrome_ChildThread] WARNING: pipe error: 109: file z:/task_1585934252/build/src/ipc/chromium/src/chrome/common/ipc_channel_win.cc, line 341
[Child 11116, Chrome_ChildT[Child 3952, Chrome_ChildThread] WARNING: pipe error: 109: file z:/task_1585934252/build/src/ipc/chromium/src/chrome/common/ipc_channel_win.cc, line 341
[Child 3952, Chrome_ChildThread] WARNING: pipe e[Parent 1516, Gecko_IOThread] WARNING: pipe error: 109: file z:/task_1585934252/build/src/ipc/chromium/src/chrome/common/ipc_channel_win.cc, line 341
[Child 3360, Chrome_ChildThread] WARNING: pipe error: 109: file z:/task_1585934252/build/src/ipc/chromium/src/chrome/common/ipc_channel_win.cc, line 341
[Child 3360, Chrome_Child[GPU 1
###!!! [Child][RunMessage] Error: Channel closing: too late to send/recv, messages will be lost

4196, Chrome
###!!! [Child][MessageChannel::SendAndWait] Error: Channel error: cannot send/recv

1586875353906	mozrunner::runner	INFO	Running command: "C:\\Program Files (x86)\\Mozilla Firefox\\firefox.exe" "-marionette" "-foreground" "-no-remote" "-profile" "C:\\Users\\67438\\AppData\\Local\\Temp\\rust_mozprofilexQ8gUw"
1586875354738	addons.webextension.screenshots@mozilla.org	WARN	Loading extension 'screenshots@mozilla.org': Reading manifest: Invalid extension permission: mozillaAddons
1586875354738	addons.webextension.screenshots@mozilla.org	WARN	Loading extension 'screenshots@mozilla.org': Reading manifest: Invalid extension permission: telemetry
1586875354738	addons.webextension.screenshots@mozilla.org	WARN	Loading extension 'screenshots@mozilla.org': Reading manifest: Invalid extension permission: resource://pdf.js/
1586875354738	addons.webextension.screenshots@mozilla.org	WARN	Loading extension 'screenshots@mozilla.org': Reading manifest: Invalid extension permission: about:reader*
JavaScript error: undefined, line 14: Error: An unexpected error occurred
JavaScript error: moz-extension://4d9d07e5-8c9e-45c7-ad4d-d53768f86d7b/lib/picture_in_picture_overrides.js, line 15: Error: Incorrect argument types for pictureInPictureParent.setOverrides.
JavaScript error: resource:///modules/sessionstore/SessionStore.jsm, line 1325: uncaught exception: 2147746065
1586875356645	Marionette	INFO	Listening on port 61274
1586875357033	Marionette	WARN	TLS certificate errors will be ignored for this session
1586875360366	Marionette	INFO	Stopped listening on port 61274
[Child 2396, Chrome_ChildThread] WARNING: pipe error: 109: file z:/task_1585934252/build/src/ipc/chromium/src/chrome/common/ipc_channel_win.cc, line 341
[Child 2396, Chrome_ChildThread] WARNING:[Parent 9828, Gecko_IOThread] WARNING: pipe error: 109: file z:/task_1585934252/build/src/ipc/chromium/src/chrome/common/ipc_channel_win.cc, line 341
[Child 6868, Chrome_ChildThread] WARNING: pipe error: 109: file z:/task_1585934252/build/src/ipc/chromium/src/chrome/common/ipc_channel_win.cc, line 341
[Child 6868, Chrome_ChildThread] W[Parent 9828, Gecko_IOThread] WARNING: pipe error: 109: file z:/task_1585934252/build/src/ipc/chromium/src/chrome/common/ipc_channel_win.cc, line 341
[Child 15504, Chrome_ChildThread] WARNING: pipe error: 109: file z:/task_1585934252/build/src/ipc/chromium/src/chrome/common/ipc_channel_win.cc, line 341
[Child 15504, Chro[GPU 117
###!!! [Child][RunMessage] Error: Channel closing: too late to send/recv, messages will be lost

68, Chrom
###!!! [Child][MessageChannel::SendAndWait] Error: Channel error: cannot send/recv

1586875364418	mozrunner::runner	INFO	Running command: "C:\\Program Files (x86)\\Mozilla Firefox\\firefox.exe" "-marionette" "-foreground" "-no-remote" "-profile" "C:\\Users\\67438\\AppData\\Local\\Temp\\rust_mozprofileeVsrv3"
1586875365200	addons.webextension.screenshots@mozilla.org	WARN	Loading extension 'screenshots@mozilla.org': Reading manifest: Invalid extension permission: mozillaAddons
1586875365200	addons.webextension.screenshots@mozilla.org	WARN	Loading extension 'screenshots@mozilla.org': Reading manifest: Invalid extension permission: telemetry
1586875365200	addons.webextension.screenshots@mozilla.org	WARN	Loading extension 'screenshots@mozilla.org': Reading manifest: Invalid extension permission: resource://pdf.js/
1586875365200	addons.webextension.screenshots@mozilla.org	WARN	Loading extension 'screenshots@mozilla.org': Reading manifest: Invalid extension permission: about:reader*
JavaScript error: undefined, line 14: Error: An unexpected error occurred
JavaScript error: moz-extension://cdbacb9e-ecbf-44d7-9ead-b05bf572b790/lib/picture_in_picture_overrides.js, line 15: Error: Incorrect argument types for pictureInPictureParent.setOverrides.
JavaScript error: resource:///modules/sessionstore/SessionStore.jsm, line 1325: uncaught exception: 2147746065
1586875367017	Marionette	INFO	Listening on port 61312
1586875367037	Marionette	WARN	TLS certificate errors will be ignored for this session
1586875370673	Marionette	INFO	Stopped listening on port 61312
[Parent 1700, Gecko_IOThread] WARNING: pipe error: 109: file z:/task_1585934252/build/src/ipc/chromium/src/chrome/common/ipc_channel_win.cc, line 341
[Child 5472, Chrome_ChildThread] WARNING: pipe error: 109: file z:/task_1585934252/build/src/ipc/chromium/src/chrome/common/ipc_channel_win.cc, line 341
[Child 5472, Chrome_ChildThrea[Child 13080, Chrome_ChildThread] WARNING: pipe error: 109: file z:/task_1585934252/build/src/ipc/chromium/src/chrome/common/ipc_channel_win.cc, line 341
[Child 13080, Chrome_ChildThread[Parent 1700, Gecko_IOThread] WARNING: pipe error: 109: file z:/task_1585934252/build/src/ipc/chromium/src/chrome/common/ipc_channel_win.cc, line 341
[Child 6800, Chrome_ChildThread] WARNING: pipe error: 109: file z:/task_1585934252/build/src/ipc/chromium/src/chrome/common/ipc_channel_win.cc, line 341
[Child 6800, Chrome_ChildT[GPU
###!!! [Child][RunMessage] Error: Channel closing: too late to send/recv, messages will be lost

 3916, Chrome_ChildThre
###!!! [Child][MessageChannel::SendAndWait] Error: Channel error: cannot send/recv

1586875374686	mozrunner::runner	INFO	Running command: "C:\\Program Files (x86)\\Mozilla Firefox\\firefox.exe" "-marionette" "-foreground" "-no-remote" "-profile" "C:\\Users\\67438\\AppData\\Local\\Temp\\rust_mozprofileDseujE"
1586875375485	addons.webextension.screenshots@mozilla.org	WARN	Loading extension 'screenshots@mozilla.org': Reading manifest: Invalid extension permission: mozillaAddons
1586875375486	addons.webextension.screenshots@mozilla.org	WARN	Loading extension 'screenshots@mozilla.org': Reading manifest: Invalid extension permission: telemetry
1586875375486	addons.webextension.screenshots@mozilla.org	WARN	Loading extension 'screenshots@mozilla.org': Reading manifest: Invalid extension permission: resource://pdf.js/
1586875375486	addons.webextension.screenshots@mozilla.org	WARN	Loading extension 'screenshots@mozilla.org': Reading manifest: Invalid extension permission: about:reader*
JavaScript error: undefined, line 14: Error: An unexpected error occurred
JavaScript error: moz-extension://deecefbd-e996-4d44-9efd-7a56c06eddf3/lib/picture_in_picture_overrides.js, line 15: Error: Incorrect argument types for pictureInPictureParent.setOverrides.
JavaScript error: resource:///modules/sessionstore/SessionStore.jsm, line 1325: uncaught exception: 2147746065
1586875377301	Marionette	INFO	Listening on port 61353
1586875377800	Marionette	WARN	TLS certificate errors will be ignored for this session
1586875381449	Marionette	INFO	Stopped listening on port 61353
[Parent 10572, Gecko_IOThread] WARNING: pipe error: 109: file z:/task_1585934252/build/src/ipc/chromium/src/chrome/common/ipc_channel_win.cc, line 341
[Child 14032, Chrome_ChildThread] WARNING: pipe error: 109: file z:/task_1585934252/build/src/ipc/chromium/src/chrome/common/ipc_channel_win.cc, line 341
[Child 14032, Chrome_ChildTh[Parent 10572, Gecko_IOThread] WARNING: pipe error: 109: file z:/task_1585934252/build/src/ipc/chromium/src/chrome/common/ipc_channel_win.cc, line 341
[Child 9680, Chrome_ChildThread] WARNING: pipe error: 109: file z:/task_1585934252/build/src/ipc/chromium/src/chrome/common/ipc_channel_win.cc, line 341
[Child 9[Parent 10572, Gecko_IOThread] WARNING: pipe error: 109: file z:/task_1585934252/build/src/ipc/chromium/src/chrome/common/ipc_channel_win.cc, line 341
[Child 13784, Chrome_ChildThread] WARNING: pipe error: 109: file z:/task_1585934252/build/src/ipc/chromium/src/chrome/common/ipc_channel_win.cc, line 341
[Child 13784, Chro[GPU 10192, Chrom
###!!! [Child][RunMessage] Error: Channel closing: too late to send/recv, messages will be lost

e
###!!! [Child][MessageChannel::SendAndWait] Error: Channel error: cannot send/recv

1586875385486	mozrunner::runner	INFO	Running command: "C:\\Program Files (x86)\\Mozilla Firefox\\firefox.exe" "-marionette" "-foreground" "-no-remote" "-profile" "C:\\Users\\67438\\AppData\\Local\\Temp\\rust_mozprofileUjc7SR"
1586875386315	addons.webextension.screenshots@mozilla.org	WARN	Loading extension 'screenshots@mozilla.org': Reading manifest: Invalid extension permission: mozillaAddons
1586875386315	addons.webextension.screenshots@mozilla.org	WARN	Loading extension 'screenshots@mozilla.org': Reading manifest: Invalid extension permission: telemetry
1586875386316	addons.webextension.screenshots@mozilla.org	WARN	Loading extension 'screenshots@mozilla.org': Reading manifest: Invalid extension permission: resource://pdf.js/
1586875386316	addons.webextension.screenshots@mozilla.org	WARN	Loading extension 'screenshots@mozilla.org': Reading manifest: Invalid extension permission: about:reader*
JavaScript error: undefined, line 14: Error: An unexpected error occurred
JavaScript error: moz-extension://2bdd6eb2-0a94-473a-8c14-4ca187a30016/lib/picture_in_picture_overrides.js, line 15: Error: Incorrect argument types for pictureInPictureParent.setOverrides.
JavaScript error: resource:///modules/sessionstore/SessionStore.jsm, line 1325: uncaught exception: 2147746065
1586875388118	Marionette	INFO	Listening on port 61392
1586875388596	Marionette	WARN	TLS certificate errors will be ignored for this session
1586875392351	Marionette	INFO	Stopped listening on port 61392
[Parent 13144, Gecko_IOThread] WARNING: pipe error: 109: file z:/task_1585934252/build/src/ipc/chromium/src/chrome/common/ipc_channel_win.cc, line 341
[Child 15460, Chrome_ChildThread] WARNING: pipe error: 109: file z:/task_1585934252/build/src/ipc/chromium/src/chrome/common/ipc_channel_win.cc, line 341
[Child 15460, Chrome_C[Parent 13144, Gecko_IOThread] WARNING: pipe error: 109: file z:/task_1585934252/build/src/ipc/chromium/src/chrome/common/ipc_channel_win.cc, line 341
[Child 1240, Chrome_ChildThread] WARNING: pipe error: 109: file z:/task_1585934252/build/src/ipc/chromium/src/chrome/common/ipc_channel_win.cc, line 341
[Child 1240, Chrome_ChildThre[Parent 13144, Gecko_IOThread] WARNING: pipe error: 109: file z:/task_1585934252/build/src/ipc/chromium/src/chrome/common/ipc_channel_win.cc, line 341
[Child 9852, Chrome_ChildThread] WARNING: pipe error: 109: file z:/task_1585934252/build/src/ipc/chromium/src/chrome/common/ipc_channel_win.cc, line 341
[Child 9852, Chrome[GPU 169
###!!! [Child][MessageChannel::SendAndWait] Error: Channel error: cannot send/recv

